d:\cpp_projects\oop_labs\oop_lab1\x64\debug\vc143.pdb
d:\cpp_projects\oop_labs\oop_lab1\x64\debug\vc143.idb
d:\cpp_projects\oop_labs\oop_lab1\x64\debug\oop_lab1.obj
d:\cpp_projects\oop_labs\oop_lab1\x64\debug\employee.obj
d:\cpp_projects\oop_labs\oop_lab1\x64\debug\oop_lab1.pdb
d:\cpp_projects\oop_labs\oop_lab1\x64\debug\oop_lab1.tlog\cl.command.1.tlog
d:\cpp_projects\oop_labs\oop_lab1\x64\debug\oop_lab1.tlog\cl.items.tlog
d:\cpp_projects\oop_labs\oop_lab1\x64\debug\oop_lab1.tlog\cl.read.1.tlog
d:\cpp_projects\oop_labs\oop_lab1\x64\debug\oop_lab1.tlog\cl.write.1.tlog
d:\cpp_projects\oop_labs\oop_lab1\x64\debug\oop_lab1.tlog\link-cvtres.read.1.tlog
d:\cpp_projects\oop_labs\oop_lab1\x64\debug\oop_lab1.tlog\link-cvtres.write.1.tlog
d:\cpp_projects\oop_labs\oop_lab1\x64\debug\oop_lab1.tlog\link-rc.read.1.tlog
d:\cpp_projects\oop_labs\oop_lab1\x64\debug\oop_lab1.tlog\link-rc.write.1.tlog
d:\cpp_projects\oop_labs\oop_lab1\x64\debug\oop_lab1.tlog\link.15756-cvtres.read.1.tlog
d:\cpp_projects\oop_labs\oop_lab1\x64\debug\oop_lab1.tlog\link.15756-cvtres.write.1.tlog
d:\cpp_projects\oop_labs\oop_lab1\x64\debug\oop_lab1.tlog\link.15756-rc.read.1.tlog
d:\cpp_projects\oop_labs\oop_lab1\x64\debug\oop_lab1.tlog\link.15756-rc.write.1.tlog
d:\cpp_projects\oop_labs\oop_lab1\x64\debug\oop_lab1.tlog\link.15756.read.1.tlog
d:\cpp_projects\oop_labs\oop_lab1\x64\debug\oop_lab1.tlog\link.15756.read.2.tlog
d:\cpp_projects\oop_labs\oop_lab1\x64\debug\oop_lab1.tlog\link.15756.write.1.tlog
d:\cpp_projects\oop_labs\oop_lab1\x64\debug\oop_lab1.tlog\link.command.1.tlog
d:\cpp_projects\oop_labs\oop_lab1\x64\debug\oop_lab1.tlog\link.read.1.tlog
d:\cpp_projects\oop_labs\oop_lab1\x64\debug\oop_lab1.tlog\link.read.2.tlog
d:\cpp_projects\oop_labs\oop_lab1\x64\debug\oop_lab1.tlog\link.write.1.tlog
